<?xml version="1.0" encoding="UTF-8"?>
<!-- Generated by org.testng.reporters.JUnitXMLReporter -->
<testsuite ignored="0" hostname="LAPTOP-C1873E79" failures="1" tests="1" name="Surefire test" time="0.052" errors="0" timestamp="2021-01-17T10:19:34 GMT-05:00">
  <testcase classname="tests.CurtainsTest" name="curtainTest" time="0.0">
    <failure type="org.testng.TestNGException" message="
Parameter &amp;apos;productCategory&amp;apos; is required by @Test on method curtainTest but has not been marked @Optional or defined
">
      <![CDATA[org.testng.TestNGException: 
Parameter 'productCategory' is required by @Test on method curtainTest but has not been marked @Optional or defined

at java.base/java.util.ArrayList.forEach(ArrayList.java:1541)
... Removed 31 stack frames]]>
    </failure>
  </testcase> <!-- curtainTest -->
</testsuite> <!-- Surefire test -->
