-------------------------------------------------------------------------------
Test set: tests.CurtainsTest
-------------------------------------------------------------------------------
Tests run: 1, Failures: 1, Errors: 0, Skipped: 0, Time elapsed: 0.855 s <<< FAILURE! - in tests.CurtainsTest
tests.CurtainsTest.curtainTest  Time elapsed: 0.651 s  <<< FAILURE!
org.testng.TestNGException: 

Parameter 'productCategory' is required by @Test on method curtainTest but has not been marked @Optional or defined


